<?xml version="1.0" encoding="UTF-8"?>
<!-- Generated by org.testng.reporters.JUnitXMLReporter -->
<testsuite ignored="0" hostname="ENG-LNO-DT002" failures="1" tests="1" name="Banking app test" time="18.256" errors="0" timestamp="2022-07-29T12:57:08 IST">
  <testcase classname="com.inetbanking.Testcases.Tc_Login_001" name="LoginTest" time="7.968">
    <failure type="java.lang.AssertionError" message="expected [true] but found [false]">
      <![CDATA[java.lang.AssertionError: expected [true] but found [false]
at com.inetbanking.Testcases.Tc_Login_001.LoginTest(Tc_Login_001.java:36)
at java.base/java.util.ArrayList.forEach(ArrayList.java:1511)
... Removed 31 stack frames]]>
    </failure>
  </testcase> <!-- LoginTest -->
</testsuite> <!-- Banking app test -->
